Using pre-set license
Built from '2020.3/staging' branch; Version is '2020.3.25f1 (9b9180224418) revision 10195328'; Using compiler version '192528614'; Build Type 'Release'
OS: 'Windows 11  (10.0.22000) 64bit Professional' Language: 'ko' Physical Memory: 16295 MB
BatchMode: 1, IsHumanControllingUs: 0, StartBugReporterOnCrash: 0, Is64bit: 1, IsPro: 0

COMMAND LINE ARGUMENTS:
C:\Program Files\Unity\Hub\Editor\2020.3.25f1\Editor\Unity.exe
-adb2
-batchMode
-noUpm
-name
AssetImportWorker0
-projectPath
E:/Dev/UnityWorkspace/mrtk273
-logFile
Logs/AssetImportWorker0.log
-srvPort
51534
Successfully changed project path to: E:/Dev/UnityWorkspace/mrtk273
E:/Dev/UnityWorkspace/mrtk273
Using Asset Import Pipeline V2.
Unable to join player connection multicast group.
Unable to join player connection alternative multicast group.
Refreshing native plugins compatible for Editor in 94.82 ms, found 14 plugins.
Preloading 1 native plugins for Editor in 0.97 ms.
Initialize engine version: 2020.3.25f1 (9b9180224418)
[Subsystems] Discovering subsystems at path C:/Program Files/Unity/Hub/Editor/2020.3.25f1/Editor/Data/Resources/UnitySubsystems
[Subsystems] Discovering subsystems at path E:/Dev/UnityWorkspace/mrtk273/Assets
GfxDevice: creating device client; threaded=0
Direct3D:
    Version:  Direct3D 11.0 [level 11.1]
    Renderer: NVIDIA GeForce RTX 3070 (ID=0x2488)
    Vendor:   
    VRAM:     8043 MB
    Driver:   30.0.14.9729
Shader 'Oculus/OVRMRCameraFrameLit': fallback shader 'Alpha-Diffuse' not found
Initialize mono
Mono path[0] = 'C:/Program Files/Unity/Hub/Editor/2020.3.25f1/Editor/Data/Managed'
Mono path[1] = 'C:/Program Files/Unity/Hub/Editor/2020.3.25f1/Editor/Data/MonoBleedingEdge/lib/mono/unityjit'
Mono config path = 'C:/Program Files/Unity/Hub/Editor/2020.3.25f1/Editor/Data/MonoBleedingEdge/etc'
Using monoOptions --debugger-agent=transport=dt_socket,embedding=1,server=y,suspend=n,address=127.0.0.1:56188
Begin MonoManager ReloadAssembly
Registering precompiled unity dll's ...
Register platform support module: C:/Program Files/Unity/Hub/Editor/2020.3.25f1/Editor/Data/PlaybackEngines/WindowsStandaloneSupport/UnityEditor.WindowsStandalone.Extensions.dll
Registered in 0.003703 seconds.
Native extension for WindowsStandalone target not found
Refreshing native plugins compatible for Editor in 66.37 ms, found 14 plugins.
Preloading 1 native plugins for Editor in 0.03 ms.
Mono: successfully reloaded assembly
- Completed reload, in  0.646 seconds
Domain Reload Profiling:
	ReloadAssembly (646ms)
		BeginReloadAssembly (92ms)
			ExecutionOrderSort (0ms)
			DisableScriptedObjects (0ms)
			BackupInstance (0ms)
			ReleaseScriptingObjects (0ms)
			CreateAndSetChildDomain (1ms)
		EndReloadAssembly (479ms)
			LoadAssemblies (87ms)
			RebuildTransferFunctionScriptingTraits (0ms)
			SetupTypeCache (106ms)
			ReleaseScriptCaches (0ms)
			RebuildScriptCaches (18ms)
			SetupLoadedEditorAssemblies (225ms)
				LogAssemblyErrors (0ms)
				InitializePlatformSupportModulesInManaged (6ms)
				SetLoadedEditorAssemblies (0ms)
				RefreshPlugins (66ms)
				BeforeProcessingInitializeOnLoad (22ms)
				ProcessInitializeOnLoadAttributes (98ms)
				ProcessInitializeOnLoadMethodAttributes (32ms)
				AfterProcessingInitializeOnLoad (0ms)
				EditorAssembliesLoaded (0ms)
			ExecutionOrderSort2 (0ms)
			AwakeInstancesAfterBackupRestoration (0ms)
Platform modules already initialized, skipping
Registering precompiled user dll's ...
Registered in 0.012141 seconds.
Begin MonoManager ReloadAssembly
Native extension for WindowsStandalone target not found
Refreshing native plugins compatible for Editor in 146.21 ms, found 14 plugins.
Preloading 1 native plugins for Editor in 0.03 ms.
[XR] OculusXRPlugin: registering subsystems
[XR] Unable to register display lifecyle provider: [1]
[XR] Oculus Input lifecycle provider registered.
[XR] Unable to register input lifecyle provider: [1]
[XR] OVRP version 1.67.0
[XR] Error loading subsystem: Display (1) (header mismatch?)
[XR] [MROpenXR][Info   ][13:32:05.880398][tid:2444] MeshProvider_RegisterLifecycleProvider
[XR] [MROpenXR][Info   ][13:32:05.880511][tid:2444] InputProvider_RegisterLifeCycleProvider
[XR] [MROpenXR][Info   ][13:32:05.881356][tid:2444] MicrosoftOpenXRPlugin_SetPluginEnvironment unityVersion=2020.3.25f1
[XR] [MROpenXR][Info   ][13:32:05.882031][tid:2444] MicrosoftOpenXRPlugin_SetPluginEnvironment openXRPluginVersion=1.3.1
[XR] [MROpenXR][Info   ][13:32:05.882074][tid:2444] MicrosoftOpenXRPlugin_SetPluginEnvironment mrOpenXRPluginVersion=1.2.1.0
[XR] [MROpenXR][Info   ][13:32:05.882188][tid:2444] OnPluginStarted UnityVersion=2020.3.25f1 OpenXRPluginVersion=1.3.1 MROpenXRPluginVersion=1.2.1.0 PartA_PrivTags=33554432
Mono: successfully reloaded assembly
- Completed reload, in  2.846 seconds
Domain Reload Profiling:
	ReloadAssembly (2848ms)
		BeginReloadAssembly (157ms)
			ExecutionOrderSort (0ms)
			DisableScriptedObjects (7ms)
			BackupInstance (0ms)
			ReleaseScriptingObjects (0ms)
			CreateAndSetChildDomain (17ms)
		EndReloadAssembly (2621ms)
			LoadAssemblies (174ms)
			RebuildTransferFunctionScriptingTraits (0ms)
			SetupTypeCache (300ms)
			ReleaseScriptCaches (1ms)
			RebuildScriptCaches (113ms)
			SetupLoadedEditorAssemblies (1811ms)
				LogAssemblyErrors (0ms)
				InitializePlatformSupportModulesInManaged (10ms)
				SetLoadedEditorAssemblies (0ms)
				RefreshPlugins (146ms)
				BeforeProcessingInitializeOnLoad (134ms)
				ProcessInitializeOnLoadAttributes (1065ms)
				ProcessInitializeOnLoadMethodAttributes (441ms)
				AfterProcessingInitializeOnLoad (13ms)
				EditorAssembliesLoaded (0ms)
			ExecutionOrderSort2 (0ms)
			AwakeInstancesAfterBackupRestoration (9ms)
Platform modules already initialized, skipping
========================================================================
Worker process is ready to serve import requests
Shader 'Oculus/OVRMRCameraFrameLit': fallback shader 'Alpha-Diffuse' not found
Launched and connected shader compiler UnityShaderCompiler.exe after 0.04 seconds
Refreshing native plugins compatible for Editor in 1.09 ms, found 14 plugins.
Preloading 1 native plugins for Editor in 0.03 ms.
Unloading 4426 Unused Serialized files (Serialized files now loaded: 0)
System memory in use before: 185.3 MB.
System memory in use after: 185.2 MB.

Unloading 919 unused Assets to reduce memory usage. Loaded Objects now: 4762.
Total: 3.739512 ms (FindLiveObjects: 0.349695 ms CreateObjectMapping: 0.142337 ms MarkObjects: 2.761175 ms  DeleteObjects: 0.476876 ms)

AssetImportParameters requested are different than current active one (requested -> active):
  custom:framework-win-MediaFoundation: 216162199b28c13a410421893ffa2e32 -> 
  custom:video-decoder-ogg-theora: a1e56fd34408186e4bbccfd4996cb3dc -> 
  custom:container-muxer-webm: aa71ff27fc2769a1b78a27578f13a17b -> 
  custom:container-demuxer-webm: 4f35f7cbe854078d1ac9338744f61a02 -> 
  custom:container-demuxer-ogg: 62fdf1f143b41e24485cea50d1cbac27 -> 
  custom:video-encoder-webm-vp8: eb34c28f22e8b96e1ab97ce403110664 -> 
  custom:video-codec-MediaFoundation-h265: 746d11721c4dcdbdad8f713fa42b33f4 -> 
  custom:video-decoder-webm-vp8: 9c59270c3fd7afecdb556c50c9e8de78 -> 
  custom:audio-decoder-ogg-vorbis: bf7c407c2cedff20999df2af8eb42d56 -> 
  custom:audio-encoder-webm-vorbis: bf7c407c2cedff20999df2af8eb42d56 -> 
========================================================================
Received Import Request.
  path: Assets/Samples/Mixed Reality Toolkit Examples/2.7.3/Demos - HandTracking/Scenes
  artifactKey: Guid(d26243c9f26f7934aa6f7563c2908601) Importer(815301076,1909f56bfc062723c751e8b465ee728b)
Start importing Assets/Samples/Mixed Reality Toolkit Examples/2.7.3/Demos - HandTracking/Scenes using Guid(d26243c9f26f7934aa6f7563c2908601) Importer(815301076,1909f56bfc062723c751e8b465ee728b)  -> (artifact id: '5a75c0f2c65db5664fed64e7c0cc2b7b') in 0.007389 seconds 
  Import took 0.012453 seconds .

========================================================================
Received Import Request.
  Time since last request: 0.000211 seconds.
  path: Assets/Samples/Mixed Reality Toolkit Examples/2.7.3/Demos - HandTracking/Scenes/HandInteractionExamples.unity
  artifactKey: Guid(3dd4a396b5225f8469b9a1eb608bfa57) Importer(815301076,1909f56bfc062723c751e8b465ee728b)
Start importing Assets/Samples/Mixed Reality Toolkit Examples/2.7.3/Demos - HandTracking/Scenes/HandInteractionExamples.unity using Guid(3dd4a396b5225f8469b9a1eb608bfa57) Importer(815301076,1909f56bfc062723c751e8b465ee728b)  -> (artifact id: '448e0a160db72fb73e42c20372a7d259') in 0.012820 seconds 
  Import took 0.017155 seconds .

========================================================================
Received Prepare
Registering precompiled user dll's ...
Registered in 0.013984 seconds.
Begin MonoManager ReloadAssembly
Native extension for WindowsStandalone target not found
Refreshing native plugins compatible for Editor in 1.19 ms, found 14 plugins.
Preloading 1 native plugins for Editor in 0.03 ms.
Error when attempting to update scene info fields. Scene info data may be stale.
UnityEngine.StackTraceUtility:ExtractStackTrace ()
UnityEngine.DebugLogHandler:LogFormat (UnityEngine.LogType,UnityEngine.Object,string,object[])
UnityEngine.Logger:Log (UnityEngine.LogType,object)
UnityEngine.Debug:LogWarning (object)
Microsoft.MixedReality.Toolkit.Editor.SceneInfoUtils:RefreshSceneInfoFieldsInScriptableObjects () (at Library/PackageCache/com.microsoft.mixedreality.toolkit.foundation@76a1dccd0125-1640663322754/Core/Inspectors/PropertyDrawers/SceneInfoUtils.cs:313)
Microsoft.MixedReality.Toolkit.Editor.SceneInfoUtils:InitializeOnLoad () (at Library/PackageCache/com.microsoft.mixedreality.toolkit.foundation@76a1dccd0125-1640663322754/Core/Inspectors/PropertyDrawers/SceneInfoUtils.cs:231)
System.Reflection.MonoMethod:Invoke (object,System.Reflection.BindingFlags,System.Reflection.Binder,object[],System.Globalization.CultureInfo)
System.Reflection.MethodBase:Invoke (object,object[])
UnityEditor.EditorAssemblies:ProcessInitializeOnLoadMethodAttributes ()

(Filename: Library/PackageCache/com.microsoft.mixedreality.toolkit.foundation@76a1dccd0125-1640663322754/Core/Inspectors/PropertyDrawers/SceneInfoUtils.cs Line: 313)

[XR] [MROpenXR][Info   ][13:33:30.643158][tid:2444] MicrosoftOpenXRPlugin_SetPluginEnvironment unityVersion=2020.3.25f1
[XR] [MROpenXR][Info   ][13:33:30.643747][tid:2444] MicrosoftOpenXRPlugin_SetPluginEnvironment openXRPluginVersion=1.3.1
[XR] [MROpenXR][Info   ][13:33:30.643789][tid:2444] MicrosoftOpenXRPlugin_SetPluginEnvironment mrOpenXRPluginVersion=1.2.1.0
[XR] [MROpenXR][Info   ][13:33:30.643900][tid:2444] OnPluginStarted UnityVersion=2020.3.25f1 OpenXRPluginVersion=1.3.1 MROpenXRPluginVersion=1.2.1.0 PartA_PrivTags=33554432
Mono: successfully reloaded assembly
- Completed reload, in  1.848 seconds
Domain Reload Profiling:
	ReloadAssembly (1848ms)
		BeginReloadAssembly (168ms)
			ExecutionOrderSort (0ms)
			DisableScriptedObjects (6ms)
			BackupInstance (0ms)
			ReleaseScriptingObjects (0ms)
			CreateAndSetChildDomain (39ms)
		EndReloadAssembly (1617ms)
			LoadAssemblies (163ms)
			RebuildTransferFunctionScriptingTraits (0ms)
			SetupTypeCache (241ms)
			ReleaseScriptCaches (1ms)
			RebuildScriptCaches (28ms)
			SetupLoadedEditorAssemblies (1056ms)
				LogAssemblyErrors (0ms)
				InitializePlatformSupportModulesInManaged (6ms)
				SetLoadedEditorAssemblies (1ms)
				RefreshPlugins (1ms)
				BeforeProcessingInitializeOnLoad (112ms)
				ProcessInitializeOnLoadAttributes (695ms)
				ProcessInitializeOnLoadMethodAttributes (225ms)
				AfterProcessingInitializeOnLoad (16ms)
				EditorAssembliesLoaded (0ms)
			ExecutionOrderSort2 (0ms)
			AwakeInstancesAfterBackupRestoration (16ms)
Platform modules already initialized, skipping
Switching build target platform(19) subTarget(0) extendedPlatform(0) -> platform(13) subTarget(524288) extendedPlatform(0)
Shader 'Oculus/OVRMRCameraFrameLit': fallback shader 'Alpha-Diffuse' not found
Refreshing native plugins compatible for Editor in 1.16 ms, found 14 plugins.
Preloading 1 native plugins for Editor in 0.03 ms.
Unloading 4259 Unused Serialized files (Serialized files now loaded: 0)
System memory in use before: 175.2 MB.
System memory in use after: 175.1 MB.

Unloading 136 unused Assets to reduce memory usage. Loaded Objects now: 4765.
Total: 3.104165 ms (FindLiveObjects: 0.273498 ms CreateObjectMapping: 0.158959 ms MarkObjects: 2.548229 ms  DeleteObjects: 0.117822 ms)

AssetImportParameters requested are different than current active one (requested -> active):
  custom:framework-win-MediaFoundation: 216162199b28c13a410421893ffa2e32 -> 
  custom:video-decoder-ogg-theora: a1e56fd34408186e4bbccfd4996cb3dc -> 
  custom:container-muxer-webm: aa71ff27fc2769a1b78a27578f13a17b -> 
  custom:container-demuxer-webm: 4f35f7cbe854078d1ac9338744f61a02 -> 
  custom:container-demuxer-ogg: 62fdf1f143b41e24485cea50d1cbac27 -> 
  custom:video-encoder-webm-vp8: eb34c28f22e8b96e1ab97ce403110664 -> 
  custom:video-codec-MediaFoundation-h265: 746d11721c4dcdbdad8f713fa42b33f4 -> 
  custom:video-decoder-webm-vp8: 9c59270c3fd7afecdb556c50c9e8de78 -> 
  custom:graphics/normal-map-encoding: 01000000000000000000000000000000 -> 02000000000000000000000000000000
  custom:audio-decoder-ogg-vorbis: bf7c407c2cedff20999df2af8eb42d56 -> 
  custom:audio-encoder-webm-vorbis: bf7c407c2cedff20999df2af8eb42d56 -> 
========================================================================
Received Import Request.
  Time since last request: 302.889016 seconds.
  path: Assets/Oculus/OculusProjectConfig.asset
  artifactKey: Guid(99c0d806eb5cbe24da5e78ee5659c393) Importer(815301076,1909f56bfc062723c751e8b465ee728b)
Start importing Assets/Oculus/OculusProjectConfig.asset using Guid(99c0d806eb5cbe24da5e78ee5659c393) Importer(815301076,1909f56bfc062723c751e8b465ee728b)  -> (artifact id: '45b5dcb6cb11c44ee4f907cfe16d8297') in 0.046718 seconds 
  Import took 0.053001 seconds .

========================================================================
Received Import Request.
  Time since last request: 22.373557 seconds.
  path: Assets/Oculus/OculusProjectConfig.asset
  artifactKey: Guid(99c0d806eb5cbe24da5e78ee5659c393) Importer(815301076,1909f56bfc062723c751e8b465ee728b)
Start importing Assets/Oculus/OculusProjectConfig.asset using Guid(99c0d806eb5cbe24da5e78ee5659c393) Importer(815301076,1909f56bfc062723c751e8b465ee728b)  -> (artifact id: '69f95e5416e1e489fe9a2b82be925c12') in 0.003392 seconds 
  Import took 0.008414 seconds .

========================================================================
Received Import Request.
  Time since last request: 27.619149 seconds.
  path: Assets/MixedRealityToolkit.Generated/CustomProfiles/OculusMixedRealityToolkitConfigurationProfile.asset
  artifactKey: Guid(70354b3a87d0ec74aa6365f57052e577) Importer(815301076,1909f56bfc062723c751e8b465ee728b)
Start importing Assets/MixedRealityToolkit.Generated/CustomProfiles/OculusMixedRealityToolkitConfigurationProfile.asset using Guid(70354b3a87d0ec74aa6365f57052e577) Importer(815301076,1909f56bfc062723c751e8b465ee728b)  -> (artifact id: '14f2ce5309a55a7bcc91eb2397dd43ba') in 0.183952 seconds 
  Import took 0.191469 seconds .

========================================================================
Received Import Request.
  Time since last request: 20.684341 seconds.
  path: Assets/MixedRealityToolkit.Generated/CustomProfiles/OculusMixedRealityCameraProfile.asset
  artifactKey: Guid(c62774cde4f76ca47bc4457b46c782fe) Importer(815301076,1909f56bfc062723c751e8b465ee728b)
Start importing Assets/MixedRealityToolkit.Generated/CustomProfiles/OculusMixedRealityCameraProfile.asset using Guid(c62774cde4f76ca47bc4457b46c782fe) Importer(815301076,1909f56bfc062723c751e8b465ee728b)  -> (artifact id: '745668063a5ede87314f109b66b28fd6') in 0.005912 seconds 
  Import took 0.011758 seconds .

========================================================================
Received Import Request.
  Time since last request: 0.000222 seconds.
  path: Assets/MixedRealityToolkit.Generated/CustomProfiles/OculusMixedRealityToolkitConfigurationProfile.asset
  artifactKey: Guid(70354b3a87d0ec74aa6365f57052e577) Importer(815301076,1909f56bfc062723c751e8b465ee728b)
Start importing Assets/MixedRealityToolkit.Generated/CustomProfiles/OculusMixedRealityToolkitConfigurationProfile.asset using Guid(70354b3a87d0ec74aa6365f57052e577) Importer(815301076,1909f56bfc062723c751e8b465ee728b)  -> (artifact id: 'f706554bb901bdc7fe0f1fb04d737625') in 0.081915 seconds 
  Import took 0.088460 seconds .

========================================================================
Received Import Request.
  Time since last request: 27.461083 seconds.
  path: Assets/MixedRealityToolkit.Generated/CustomProfiles/OculusMixedRealityCameraProfile.asset
  artifactKey: Guid(c62774cde4f76ca47bc4457b46c782fe) Importer(815301076,1909f56bfc062723c751e8b465ee728b)
Start importing Assets/MixedRealityToolkit.Generated/CustomProfiles/OculusMixedRealityCameraProfile.asset using Guid(c62774cde4f76ca47bc4457b46c782fe) Importer(815301076,1909f56bfc062723c751e8b465ee728b)  -> (artifact id: '322f68c5c075a656eb15a93771345e4b') in 0.004870 seconds 
  Import took 0.010292 seconds .

========================================================================
Received Import Request.
  Time since last request: 0.000445 seconds.
  path: Assets/MixedRealityToolkit.Generated/CustomProfiles/OculusMixedRealityInputSystemProfile.asset
  artifactKey: Guid(7ed9cdb7a80579e4e9bed5ac3ebbb425) Importer(815301076,1909f56bfc062723c751e8b465ee728b)
Start importing Assets/MixedRealityToolkit.Generated/CustomProfiles/OculusMixedRealityInputSystemProfile.asset using Guid(7ed9cdb7a80579e4e9bed5ac3ebbb425) Importer(815301076,1909f56bfc062723c751e8b465ee728b)  -> (artifact id: '4ac5b5bf17f45c7d98df19ed7d6841a6') in 0.077766 seconds 
  Import took 0.084193 seconds .

========================================================================
Received Import Request.
  Time since last request: 0.000204 seconds.
  path: Assets/MixedRealityToolkit.Generated/CustomProfiles/OculusMixedRealityToolkitConfigurationProfile.asset
  artifactKey: Guid(70354b3a87d0ec74aa6365f57052e577) Importer(815301076,1909f56bfc062723c751e8b465ee728b)
Start importing Assets/MixedRealityToolkit.Generated/CustomProfiles/OculusMixedRealityToolkitConfigurationProfile.asset using Guid(70354b3a87d0ec74aa6365f57052e577) Importer(815301076,1909f56bfc062723c751e8b465ee728b)  -> (artifact id: '9ba5e256d86a847cb1b91ec37d13798e') in 0.079983 seconds 
  Import took 0.087511 seconds .

========================================================================
Received Import Request.
  Time since last request: 32.791601 seconds.
  path: Packages/com.microsoft.mixedreality.toolkit.foundation/package.json
  artifactKey: Guid(07675bcd31d98194486b2fea188bcc6b) Importer(815301076,1909f56bfc062723c751e8b465ee728b)
Start importing Packages/com.microsoft.mixedreality.toolkit.foundation/package.json using Guid(07675bcd31d98194486b2fea188bcc6b) Importer(815301076,1909f56bfc062723c751e8b465ee728b)  -> (artifact id: '0af955ff9b76574fa09154be410be969') in 0.012293 seconds 
  Import took 0.017618 seconds .

========================================================================
Received Import Request.
  Time since last request: 1.104074 seconds.
  path: Packages/com.microsoft.mixedreality.toolkit.foundation/Providers
  artifactKey: Guid(8e6d8cdb4c358114589841609d126863) Importer(815301076,1909f56bfc062723c751e8b465ee728b)
Start importing Packages/com.microsoft.mixedreality.toolkit.foundation/Providers using Guid(8e6d8cdb4c358114589841609d126863) Importer(815301076,1909f56bfc062723c751e8b465ee728b)  -> (artifact id: '08caeb81806da88d2a5cbdc9d2d04f46') in 0.002990 seconds 
  Import took 0.008570 seconds .

========================================================================
Received Import Request.
  Time since last request: 1.919576 seconds.
  path: Packages/com.microsoft.mixedreality.toolkit.foundation/Providers/XRSDK
  artifactKey: Guid(bfe34fbfac929c24b99c4fc1e732ada1) Importer(815301076,1909f56bfc062723c751e8b465ee728b)
Start importing Packages/com.microsoft.mixedreality.toolkit.foundation/Providers/XRSDK using Guid(bfe34fbfac929c24b99c4fc1e732ada1) Importer(815301076,1909f56bfc062723c751e8b465ee728b)  -> (artifact id: '54126ac048593f4abb6fec1d1f3c416a') in 0.003182 seconds 
  Import took 0.008655 seconds .

========================================================================
Received Import Request.
  Time since last request: 0.039000 seconds.
  path: Packages/com.microsoft.mixedreality.toolkit.foundation/Providers/XRSDK/MRTK.XRSDK.asmdef
  artifactKey: Guid(c29fd43ee25241842985361a5e48a1a7) Importer(815301076,1909f56bfc062723c751e8b465ee728b)
Start importing Packages/com.microsoft.mixedreality.toolkit.foundation/Providers/XRSDK/MRTK.XRSDK.asmdef using Guid(c29fd43ee25241842985361a5e48a1a7) Importer(815301076,1909f56bfc062723c751e8b465ee728b)  -> (artifact id: 'e04d14e813752ecfda543dd461a65c3a') in 0.006262 seconds 
  Import took 0.011111 seconds .

========================================================================
Received Import Request.
  Time since last request: 5.269700 seconds.
  path: Packages/com.microsoft.mixedreality.toolkit.foundation/Providers/Oculus
  artifactKey: Guid(5a510708b8a249845a589d629cdab6df) Importer(815301076,1909f56bfc062723c751e8b465ee728b)
Start importing Packages/com.microsoft.mixedreality.toolkit.foundation/Providers/Oculus using Guid(5a510708b8a249845a589d629cdab6df) Importer(815301076,1909f56bfc062723c751e8b465ee728b)  -> (artifact id: '904602da897e6d5ed35e8ec8a8fe904e') in 0.003225 seconds 
  Import took 0.009002 seconds .

========================================================================
Received Import Request.
  Time since last request: 0.782472 seconds.
  path: Packages/com.microsoft.mixedreality.toolkit.foundation/Providers/Oculus/XRSDK
  artifactKey: Guid(153645908933d094c8beee09749bf513) Importer(815301076,1909f56bfc062723c751e8b465ee728b)
Start importing Packages/com.microsoft.mixedreality.toolkit.foundation/Providers/Oculus/XRSDK using Guid(153645908933d094c8beee09749bf513) Importer(815301076,1909f56bfc062723c751e8b465ee728b)  -> (artifact id: '9eb963a3a5e545598f25aa58a6071fc3') in 0.002573 seconds 
  Import took 0.007868 seconds .

========================================================================
Received Import Request.
  Time since last request: 0.044821 seconds.
  path: Packages/com.microsoft.mixedreality.toolkit.foundation/Providers/Oculus/XRSDK/MRTK.Oculus.asmdef
  artifactKey: Guid(674cca1f741b27d48b6916b453e60d3e) Importer(815301076,1909f56bfc062723c751e8b465ee728b)
Start importing Packages/com.microsoft.mixedreality.toolkit.foundation/Providers/Oculus/XRSDK/MRTK.Oculus.asmdef using Guid(674cca1f741b27d48b6916b453e60d3e) Importer(815301076,1909f56bfc062723c751e8b465ee728b)  -> (artifact id: 'f4090e9af582afa21cc755512e3c9071') in 0.002887 seconds 
  Import took 0.007958 seconds .

========================================================================
Received Import Request.
  Time since last request: 1.105864 seconds.
  path: Packages/com.microsoft.mixedreality.toolkit.foundation/Providers/Oculus/XRSDK/MRTK-Quest
  artifactKey: Guid(19a7754743a46294398f72e299419593) Importer(815301076,1909f56bfc062723c751e8b465ee728b)
Start importing Packages/com.microsoft.mixedreality.toolkit.foundation/Providers/Oculus/XRSDK/MRTK-Quest using Guid(19a7754743a46294398f72e299419593) Importer(815301076,1909f56bfc062723c751e8b465ee728b)  -> (artifact id: '06a9935c6cce12674c2d3aea1e72cfce') in 0.003235 seconds 
  Import took 0.008903 seconds .

========================================================================
Received Import Request.
  Time since last request: 11.089682 seconds.
  path: Packages/com.microsoft.mixedreality.toolkit.foundation/Providers/Oculus/XRSDK/MRTK-Quest/Prefabs
  artifactKey: Guid(6d9a10b40a44f1d4788ead028d5374d8) Importer(815301076,1909f56bfc062723c751e8b465ee728b)
Start importing Packages/com.microsoft.mixedreality.toolkit.foundation/Providers/Oculus/XRSDK/MRTK-Quest/Prefabs using Guid(6d9a10b40a44f1d4788ead028d5374d8) Importer(815301076,1909f56bfc062723c751e8b465ee728b)  -> (artifact id: '44b091ea7453cacde15e7e3a21d2940b') in 0.004495 seconds 
  Import took 0.010263 seconds .

========================================================================
Received Import Request.
  Time since last request: 0.041646 seconds.
  path: Packages/com.microsoft.mixedreality.toolkit.foundation/Providers/Oculus/XRSDK/MRTK-Quest/Prefabs/MRTK-Quest_HandsPrefab.prefab
  artifactKey: Guid(7f285947dfc20f248ad3ce02c2e997a3) Importer(815301076,1909f56bfc062723c751e8b465ee728b)
Start importing Packages/com.microsoft.mixedreality.toolkit.foundation/Providers/Oculus/XRSDK/MRTK-Quest/Prefabs/MRTK-Quest_HandsPrefab.prefab using Guid(7f285947dfc20f248ad3ce02c2e997a3) Importer(815301076,1909f56bfc062723c751e8b465ee728b)  -> (artifact id: '1040fe12f8eedef91be65fa37913c51a') in 0.024425 seconds 
  Import took 0.030213 seconds .

========================================================================
Received Import Request.
  Time since last request: 0.000205 seconds.
  path: Packages/com.microsoft.mixedreality.toolkit.foundation/Providers/Oculus/XRSDK/MRTK-Quest/Prefabs/MRTK-Quest_LocalAvatar.prefab
  artifactKey: Guid(5357c8e6c4495c04f90e97272375c294) Importer(815301076,1909f56bfc062723c751e8b465ee728b)
Start importing Packages/com.microsoft.mixedreality.toolkit.foundation/Providers/Oculus/XRSDK/MRTK-Quest/Prefabs/MRTK-Quest_LocalAvatar.prefab using Guid(5357c8e6c4495c04f90e97272375c294) Importer(815301076,1909f56bfc062723c751e8b465ee728b)  -> (artifact id: 'e638680eb103a05d4f45cc1b1ba36390') in 0.006149 seconds 
  Import took 0.011107 seconds .

========================================================================
Received Import Request.
  Time since last request: 0.000206 seconds.
  path: Packages/com.microsoft.mixedreality.toolkit.foundation/Providers/Oculus/XRSDK/MRTK-Quest/Prefabs/MRTK-Quest_OVRCameraRig.prefab
  artifactKey: Guid(69a746aa83d0d0e45b4e2d33eab0fff4) Importer(815301076,1909f56bfc062723c751e8b465ee728b)
Start importing Packages/com.microsoft.mixedreality.toolkit.foundation/Providers/Oculus/XRSDK/MRTK-Quest/Prefabs/MRTK-Quest_OVRCameraRig.prefab using Guid(69a746aa83d0d0e45b4e2d33eab0fff4) Importer(815301076,1909f56bfc062723c751e8b465ee728b)  -> (artifact id: 'fac8b71182a82dab02cf34a286761544') in 0.446140 seconds 
  Import took 0.452092 seconds .

========================================================================
Received Import Request.
  Time since last request: 65.494592 seconds.
  path: Assets/Prefabs
  artifactKey: Guid(d1161f21d43a33c46a6b0f450f63b6c4) Importer(815301076,1909f56bfc062723c751e8b465ee728b)
Start importing Assets/Prefabs using Guid(d1161f21d43a33c46a6b0f450f63b6c4) Importer(815301076,1909f56bfc062723c751e8b465ee728b)  -> (artifact id: '0659f950eac56d9e8daf0a05f7fd01c7') in 0.002496 seconds 
  Import took 0.008293 seconds .

========================================================================
Received Import Request.
  Time since last request: 14.077249 seconds.
  path: Assets/Prefabs/MRTK-Quest_OVRCameraRig.prefab
  artifactKey: Guid(3cfaf55457a20874a987ce018d20c162) Importer(815301076,1909f56bfc062723c751e8b465ee728b)
Start importing Assets/Prefabs/MRTK-Quest_OVRCameraRig.prefab using Guid(3cfaf55457a20874a987ce018d20c162) Importer(815301076,1909f56bfc062723c751e8b465ee728b)  -> (artifact id: '9a85d2661c205e7b7714537ebacf268c') in 0.103867 seconds 
  Import took 0.110833 seconds .

========================================================================
Received Import Request.
  Time since last request: 8.592225 seconds.
  path: Assets/Prefabs/MRTK-Quest_OVRCameraRig.prefab
  artifactKey: Guid(3cfaf55457a20874a987ce018d20c162) Importer(815301076,1909f56bfc062723c751e8b465ee728b)
Start importing Assets/Prefabs/MRTK-Quest_OVRCameraRig.prefab using Guid(3cfaf55457a20874a987ce018d20c162) Importer(815301076,1909f56bfc062723c751e8b465ee728b)  -> (artifact id: '3bdf45d2779749a5f98c2841f3529304') in 0.100287 seconds 
  Import took 0.106480 seconds .

========================================================================
Received Import Request.
  Time since last request: 4.388625 seconds.
  path: Assets/Prefabs/MRTK-Quest_OVRCameraRig.prefab
  artifactKey: Guid(3cfaf55457a20874a987ce018d20c162) Importer(815301076,1909f56bfc062723c751e8b465ee728b)
Start importing Assets/Prefabs/MRTK-Quest_OVRCameraRig.prefab using Guid(3cfaf55457a20874a987ce018d20c162) Importer(815301076,1909f56bfc062723c751e8b465ee728b)  -> (artifact id: 'cf9edd22def0e82cd771d070365e0d8e') in 0.098237 seconds 
  Import took 0.104388 seconds .

========================================================================
Received Import Request.
  Time since last request: 26.388788 seconds.
  path: Assets/Prefabs/MRTK-Quest_OVRCameraRig.prefab
  artifactKey: Guid(3cfaf55457a20874a987ce018d20c162) Importer(815301076,1909f56bfc062723c751e8b465ee728b)
Start importing Assets/Prefabs/MRTK-Quest_OVRCameraRig.prefab using Guid(3cfaf55457a20874a987ce018d20c162) Importer(815301076,1909f56bfc062723c751e8b465ee728b)  -> (artifact id: '7270629882f4beafdc0ab7999b6422b0') in 0.110842 seconds 
  Import took 0.120424 seconds .

========================================================================
Received Prepare
Registering precompiled user dll's ...
Registered in 0.012277 seconds.
Begin MonoManager ReloadAssembly
Native extension for WindowsStandalone target not found
Refreshing native plugins compatible for Editor in 1.34 ms, found 14 plugins.
Preloading 1 native plugins for Editor in 0.05 ms.
Error when attempting to update scene info fields. Scene info data may be stale.
UnityEngine.StackTraceUtility:ExtractStackTrace ()
UnityEngine.DebugLogHandler:LogFormat (UnityEngine.LogType,UnityEngine.Object,string,object[])
UnityEngine.Logger:Log (UnityEngine.LogType,object)
UnityEngine.Debug:LogWarning (object)
Microsoft.MixedReality.Toolkit.Editor.SceneInfoUtils:RefreshSceneInfoFieldsInScriptableObjects () (at Library/PackageCache/com.microsoft.mixedreality.toolkit.foundation@76a1dccd0125-1640663322754/Core/Inspectors/PropertyDrawers/SceneInfoUtils.cs:313)
Microsoft.MixedReality.Toolkit.Editor.SceneInfoUtils:InitializeOnLoad () (at Library/PackageCache/com.microsoft.mixedreality.toolkit.foundation@76a1dccd0125-1640663322754/Core/Inspectors/PropertyDrawers/SceneInfoUtils.cs:231)
System.Reflection.MonoMethod:Invoke (object,System.Reflection.BindingFlags,System.Reflection.Binder,object[],System.Globalization.CultureInfo)
System.Reflection.MethodBase:Invoke (object,object[])
UnityEditor.EditorAssemblies:ProcessInitializeOnLoadMethodAttributes ()

(Filename: Library/PackageCache/com.microsoft.mixedreality.toolkit.foundation@76a1dccd0125-1640663322754/Core/Inspectors/PropertyDrawers/SceneInfoUtils.cs Line: 313)

[XR] [MROpenXR][Info   ][13:43:04.999959][tid:2444] MicrosoftOpenXRPlugin_SetPluginEnvironment unityVersion=2020.3.25f1
[XR] [MROpenXR][Info   ][13:43:05.000555][tid:2444] MicrosoftOpenXRPlugin_SetPluginEnvironment openXRPluginVersion=1.3.1
[XR] [MROpenXR][Info   ][13:43:05.000597][tid:2444] MicrosoftOpenXRPlugin_SetPluginEnvironment mrOpenXRPluginVersion=1.2.1.0
[XR] [MROpenXR][Info   ][13:43:05.000709][tid:2444] OnPluginStarted UnityVersion=2020.3.25f1 OpenXRPluginVersion=1.3.1 MROpenXRPluginVersion=1.2.1.0 PartA_PrivTags=33554432
Mono: successfully reloaded assembly
- Completed reload, in  2.159 seconds
Domain Reload Profiling:
	ReloadAssembly (2160ms)
		BeginReloadAssembly (202ms)
			ExecutionOrderSort (0ms)
			DisableScriptedObjects (7ms)
			BackupInstance (0ms)
			ReleaseScriptingObjects (0ms)
			CreateAndSetChildDomain (48ms)
		EndReloadAssembly (1890ms)
			LoadAssemblies (193ms)
			RebuildTransferFunctionScriptingTraits (0ms)
			SetupTypeCache (256ms)
			ReleaseScriptCaches (1ms)
			RebuildScriptCaches (40ms)
			SetupLoadedEditorAssemblies (1161ms)
				LogAssemblyErrors (0ms)
				InitializePlatformSupportModulesInManaged (7ms)
				SetLoadedEditorAssemblies (1ms)
				RefreshPlugins (1ms)
				BeforeProcessingInitializeOnLoad (122ms)
				ProcessInitializeOnLoadAttributes (775ms)
				ProcessInitializeOnLoadMethodAttributes (240ms)
				AfterProcessingInitializeOnLoad (14ms)
				EditorAssembliesLoaded (0ms)
			ExecutionOrderSort2 (0ms)
			AwakeInstancesAfterBackupRestoration (16ms)
Platform modules already initialized, skipping
Switching build target platform(19) subTarget(0) extendedPlatform(0) -> platform(13) subTarget(524288) extendedPlatform(0)
Shader 'Oculus/OVRMRCameraFrameLit': fallback shader 'Alpha-Diffuse' not found
Refreshing native plugins compatible for Editor in 1.33 ms, found 14 plugins.
Preloading 1 native plugins for Editor in 0.04 ms.
Unloading 4266 Unused Serialized files (Serialized files now loaded: 0)
System memory in use before: 194.9 MB.
System memory in use after: 194.8 MB.

Unloading 144 unused Assets to reduce memory usage. Loaded Objects now: 4777.
Total: 3.649067 ms (FindLiveObjects: 0.417302 ms CreateObjectMapping: 0.119638 ms MarkObjects: 2.962737 ms  DeleteObjects: 0.142337 ms)

AssetImportParameters requested are different than current active one (requested -> active):
  custom:framework-win-MediaFoundation: 216162199b28c13a410421893ffa2e32 -> 
  custom:video-decoder-ogg-theora: a1e56fd34408186e4bbccfd4996cb3dc -> 
  custom:container-muxer-webm: aa71ff27fc2769a1b78a27578f13a17b -> 
  custom:container-demuxer-webm: 4f35f7cbe854078d1ac9338744f61a02 -> 
  custom:container-demuxer-ogg: 62fdf1f143b41e24485cea50d1cbac27 -> 
  custom:video-encoder-webm-vp8: eb34c28f22e8b96e1ab97ce403110664 -> 
  custom:video-codec-MediaFoundation-h265: 746d11721c4dcdbdad8f713fa42b33f4 -> 
  custom:video-decoder-webm-vp8: 9c59270c3fd7afecdb556c50c9e8de78 -> 
  custom:graphics/normal-map-encoding: 01000000000000000000000000000000 -> 02000000000000000000000000000000
  custom:audio-decoder-ogg-vorbis: bf7c407c2cedff20999df2af8eb42d56 -> 
  custom:audio-encoder-webm-vorbis: bf7c407c2cedff20999df2af8eb42d56 -> 
