Using pre-set license
Built from '2020.3/staging' branch; Version is '2020.3.25f1 (9b9180224418) revision 10195328'; Using compiler version '192528614'; Build Type 'Release'
OS: 'Windows 11  (10.0.22000) 64bit Professional' Language: 'ko' Physical Memory: 16295 MB
BatchMode: 1, IsHumanControllingUs: 0, StartBugReporterOnCrash: 0, Is64bit: 1, IsPro: 0

COMMAND LINE ARGUMENTS:
C:\Program Files\Unity\Hub\Editor\2020.3.25f1\Editor\Unity.exe
-adb2
-batchMode
-noUpm
-name
AssetImportWorker0
-projectPath
E:/Dev/UnityWorkspace/mrtk273
-logFile
Logs/AssetImportWorker0.log
-srvPort
52138
Successfully changed project path to: E:/Dev/UnityWorkspace/mrtk273
E:/Dev/UnityWorkspace/mrtk273
Using Asset Import Pipeline V2.
Unable to join player connection multicast group.
Unable to join player connection alternative multicast group.
Refreshing native plugins compatible for Editor in 82.72 ms, found 14 plugins.
Preloading 1 native plugins for Editor in 0.97 ms.
Initialize engine version: 2020.3.25f1 (9b9180224418)
[Subsystems] Discovering subsystems at path C:/Program Files/Unity/Hub/Editor/2020.3.25f1/Editor/Data/Resources/UnitySubsystems
[Subsystems] Discovering subsystems at path E:/Dev/UnityWorkspace/mrtk273/Assets
GfxDevice: creating device client; threaded=0
Direct3D:
    Version:  Direct3D 11.0 [level 11.1]
    Renderer: NVIDIA GeForce RTX 3070 (ID=0x2488)
    Vendor:   
    VRAM:     8043 MB
    Driver:   30.0.14.9729
Shader 'Oculus/OVRMRCameraFrameLit': fallback shader 'Alpha-Diffuse' not found
Initialize mono
Mono path[0] = 'C:/Program Files/Unity/Hub/Editor/2020.3.25f1/Editor/Data/Managed'
Mono path[1] = 'C:/Program Files/Unity/Hub/Editor/2020.3.25f1/Editor/Data/MonoBleedingEdge/lib/mono/unityjit'
Mono config path = 'C:/Program Files/Unity/Hub/Editor/2020.3.25f1/Editor/Data/MonoBleedingEdge/etc'
Using monoOptions --debugger-agent=transport=dt_socket,embedding=1,server=y,suspend=n,address=127.0.0.1:56368
Begin MonoManager ReloadAssembly
Registering precompiled unity dll's ...
Register platform support module: C:/Program Files/Unity/Hub/Editor/2020.3.25f1/Editor/Data/PlaybackEngines/WindowsStandaloneSupport/UnityEditor.WindowsStandalone.Extensions.dll
Registered in 0.003513 seconds.
Native extension for WindowsStandalone target not found
Refreshing native plugins compatible for Editor in 63.61 ms, found 14 plugins.
Preloading 1 native plugins for Editor in 0.03 ms.
Mono: successfully reloaded assembly
- Completed reload, in  0.605 seconds
Domain Reload Profiling:
	ReloadAssembly (606ms)
		BeginReloadAssembly (86ms)
			ExecutionOrderSort (0ms)
			DisableScriptedObjects (0ms)
			BackupInstance (0ms)
			ReleaseScriptingObjects (0ms)
			CreateAndSetChildDomain (1ms)
		EndReloadAssembly (446ms)
			LoadAssemblies (81ms)
			RebuildTransferFunctionScriptingTraits (0ms)
			SetupTypeCache (90ms)
			ReleaseScriptCaches (0ms)
			RebuildScriptCaches (18ms)
			SetupLoadedEditorAssemblies (215ms)
				LogAssemblyErrors (0ms)
				InitializePlatformSupportModulesInManaged (5ms)
				SetLoadedEditorAssemblies (0ms)
				RefreshPlugins (64ms)
				BeforeProcessingInitializeOnLoad (20ms)
				ProcessInitializeOnLoadAttributes (90ms)
				ProcessInitializeOnLoadMethodAttributes (35ms)
				AfterProcessingInitializeOnLoad (0ms)
				EditorAssembliesLoaded (0ms)
			ExecutionOrderSort2 (0ms)
			AwakeInstancesAfterBackupRestoration (0ms)
Platform modules already initialized, skipping
Registering precompiled user dll's ...
Registered in 0.010810 seconds.
Begin MonoManager ReloadAssembly
Native extension for WindowsStandalone target not found
Refreshing native plugins compatible for Editor in 61.41 ms, found 14 plugins.
Preloading 1 native plugins for Editor in 0.03 ms.
[XR] OculusXRPlugin: registering subsystems
[XR] Unable to register display lifecyle provider: [1]
[XR] Oculus Input lifecycle provider registered.
[XR] Unable to register input lifecyle provider: [1]
[XR] OVRP version 1.67.0
[XR] Error loading subsystem: Display (1) (header mismatch?)
[XR] [MROpenXR][Info   ][10:44:25.658512][tid:4224] MeshProvider_RegisterLifecycleProvider
[XR] [MROpenXR][Info   ][10:44:25.658617][tid:4224] InputProvider_RegisterLifeCycleProvider
[XR] [MROpenXR][Info   ][10:44:25.659449][tid:4224] MicrosoftOpenXRPlugin_SetPluginEnvironment unityVersion=2020.3.25f1
[XR] [MROpenXR][Info   ][10:44:25.660109][tid:4224] MicrosoftOpenXRPlugin_SetPluginEnvironment openXRPluginVersion=1.3.1
[XR] [MROpenXR][Info   ][10:44:25.660150][tid:4224] MicrosoftOpenXRPlugin_SetPluginEnvironment mrOpenXRPluginVersion=1.2.1.0
[XR] [MROpenXR][Info   ][10:44:25.660257][tid:4224] OnPluginStarted UnityVersion=2020.3.25f1 OpenXRPluginVersion=1.3.1 MROpenXRPluginVersion=1.2.1.0 PartA_PrivTags=33554432
Mono: successfully reloaded assembly
- Completed reload, in  2.879 seconds
Domain Reload Profiling:
	ReloadAssembly (2880ms)
		BeginReloadAssembly (145ms)
			ExecutionOrderSort (0ms)
			DisableScriptedObjects (6ms)
			BackupInstance (0ms)
			ReleaseScriptingObjects (0ms)
			CreateAndSetChildDomain (15ms)
		EndReloadAssembly (2676ms)
			LoadAssemblies (153ms)
			RebuildTransferFunctionScriptingTraits (0ms)
			SetupTypeCache (218ms)
			ReleaseScriptCaches (1ms)
			RebuildScriptCaches (46ms)
			SetupLoadedEditorAssemblies (2162ms)
				LogAssemblyErrors (0ms)
				InitializePlatformSupportModulesInManaged (5ms)
				SetLoadedEditorAssemblies (0ms)
				RefreshPlugins (62ms)
				BeforeProcessingInitializeOnLoad (116ms)
				ProcessInitializeOnLoadAttributes (1052ms)
				ProcessInitializeOnLoadMethodAttributes (914ms)
				AfterProcessingInitializeOnLoad (12ms)
				EditorAssembliesLoaded (0ms)
			ExecutionOrderSort2 (0ms)
			AwakeInstancesAfterBackupRestoration (8ms)
Platform modules already initialized, skipping
========================================================================
Worker process is ready to serve import requests
Shader 'Oculus/OVRMRCameraFrameLit': fallback shader 'Alpha-Diffuse' not found
Launched and connected shader compiler UnityShaderCompiler.exe after 0.05 seconds
Refreshing native plugins compatible for Editor in 1.09 ms, found 14 plugins.
Preloading 1 native plugins for Editor in 0.03 ms.
Unloading 4562 Unused Serialized files (Serialized files now loaded: 0)
System memory in use before: 212.7 MB.
System memory in use after: 208.8 MB.

Unloading 8326 unused Assets to reduce memory usage. Loaded Objects now: 4768.
Total: 6.053074 ms (FindLiveObjects: 0.721460 ms CreateObjectMapping: 0.244165 ms MarkObjects: 2.779613 ms  DeleteObjects: 2.297918 ms)

AssetImportParameters requested are different than current active one (requested -> active):
  custom:framework-win-MediaFoundation: 216162199b28c13a410421893ffa2e32 -> 
  custom:video-decoder-ogg-theora: a1e56fd34408186e4bbccfd4996cb3dc -> 
  custom:container-muxer-webm: aa71ff27fc2769a1b78a27578f13a17b -> 
  custom:container-demuxer-webm: 4f35f7cbe854078d1ac9338744f61a02 -> 
  custom:container-demuxer-ogg: 62fdf1f143b41e24485cea50d1cbac27 -> 
  custom:video-encoder-webm-vp8: eb34c28f22e8b96e1ab97ce403110664 -> 
  custom:video-codec-MediaFoundation-h265: 746d11721c4dcdbdad8f713fa42b33f4 -> 
  custom:video-decoder-webm-vp8: 9c59270c3fd7afecdb556c50c9e8de78 -> 
  custom:audio-decoder-ogg-vorbis: bf7c407c2cedff20999df2af8eb42d56 -> 
  custom:audio-encoder-webm-vorbis: bf7c407c2cedff20999df2af8eb42d56 -> 
========================================================================
Received Import Request.
  path: Packages/com.microsoft.mixedreality.toolkit.standardassets
  artifactKey: Guid(752a3a82d278146ff6b4061d4be44323) Importer(815301076,1909f56bfc062723c751e8b465ee728b)
Start importing Packages/com.microsoft.mixedreality.toolkit.standardassets using Guid(752a3a82d278146ff6b4061d4be44323) Importer(815301076,1909f56bfc062723c751e8b465ee728b)  -> (artifact id: '02bd1c6a849c0799364891bec82e7067') in 0.007483 seconds 
  Import took 0.012164 seconds .

========================================================================
Received Import Request.
  Time since last request: 0.000191 seconds.
  path: Packages/com.microsoft.mixedreality.toolkit.tools
  artifactKey: Guid(083aed271aeaa3df4a16fd8970555918) Importer(815301076,1909f56bfc062723c751e8b465ee728b)
Start importing Packages/com.microsoft.mixedreality.toolkit.tools using Guid(083aed271aeaa3df4a16fd8970555918) Importer(815301076,1909f56bfc062723c751e8b465ee728b)  -> (artifact id: 'bc07fbc9e971a3e641aec6d2d343b751') in 0.002305 seconds 
  Import took 0.006175 seconds .

========================================================================
Received Import Request.
  Time since last request: 0.000159 seconds.
  path: Packages/com.microsoft.mixedreality.toolkit.foundation
  artifactKey: Guid(45c36d6cf9c1aec87cb81b0a991c9e97) Importer(815301076,1909f56bfc062723c751e8b465ee728b)
Start importing Packages/com.microsoft.mixedreality.toolkit.foundation using Guid(45c36d6cf9c1aec87cb81b0a991c9e97) Importer(815301076,1909f56bfc062723c751e8b465ee728b)  -> (artifact id: 'fb622d8a74740cb43f7bd26b5d53e457') in 0.002500 seconds 
  Import took 0.007000 seconds .

========================================================================
Received Import Request.
  Time since last request: 5.240834 seconds.
  path: Packages/com.microsoft.mixedreality.toolkit.examples
  artifactKey: Guid(287574668d62f19424fa6a7b2d8b3187) Importer(815301076,1909f56bfc062723c751e8b465ee728b)
Start importing Packages/com.microsoft.mixedreality.toolkit.examples using Guid(287574668d62f19424fa6a7b2d8b3187) Importer(815301076,1909f56bfc062723c751e8b465ee728b)  -> (artifact id: 'ce8e95931dd21530dd3922fad65a5020') in 0.002343 seconds 
  Import took 0.009085 seconds .

========================================================================
Received Import Request.
  Time since last request: 1.246505 seconds.
  path: Packages/com.microsoft.mixedreality.toolkit.examples/Common
  artifactKey: Guid(99de592199e4eff4d8cbd6b035e94107) Importer(815301076,1909f56bfc062723c751e8b465ee728b)
Start importing Packages/com.microsoft.mixedreality.toolkit.examples/Common using Guid(99de592199e4eff4d8cbd6b035e94107) Importer(815301076,1909f56bfc062723c751e8b465ee728b)  -> (artifact id: '4faaa4b63361577968ce15e0f69df854') in 0.004242 seconds 
  Import took 0.009321 seconds .

========================================================================
Received Import Request.
  Time since last request: 24.440542 seconds.
  path: Packages/com.microsoft.mixedreality.toolkit.foundation/SDK/Features/UX/Interactable/Prefabs/PressableButtonHoloLens2.prefab
  artifactKey: Guid(3f1f46cbecbe08e46a303ccfdb5b498a) Importer(815301076,1909f56bfc062723c751e8b465ee728b)
Start importing Packages/com.microsoft.mixedreality.toolkit.foundation/SDK/Features/UX/Interactable/Prefabs/PressableButtonHoloLens2.prefab using Guid(3f1f46cbecbe08e46a303ccfdb5b498a) Importer(815301076,1909f56bfc062723c751e8b465ee728b)  -> (artifact id: '20bd6806afd2cb51fb31ef86fbb6ee01') in 0.212820 seconds 
  Import took 0.218956 seconds .

========================================================================
Received Import Request.
  Time since last request: 483.378112 seconds.
  path: Packages/com.microsoft.mixedreality.toolkit.foundation/SDK/Features/UX/Scripts/PressableButtons/PressableButtonHoloLens2.cs
  artifactKey: Guid(f98e7663599230e419addf153615c144) Importer(815301076,1909f56bfc062723c751e8b465ee728b)
Start importing Packages/com.microsoft.mixedreality.toolkit.foundation/SDK/Features/UX/Scripts/PressableButtons/PressableButtonHoloLens2.cs using Guid(f98e7663599230e419addf153615c144) Importer(815301076,1909f56bfc062723c751e8b465ee728b)  -> (artifact id: '97458dcc4e053a0cb8a258c67bd05baf') in 0.157632 seconds 
  Import took 0.165007 seconds .

========================================================================
Received Import Request.
  Time since last request: 174.090993 seconds.
  path: Packages/com.microsoft.mixedreality.toolkit.figmabridge/Editor/FigmaToolkit.asmdef
  artifactKey: Guid(8de401fb34562cc4c8db453bc6810209) Importer(815301076,1909f56bfc062723c751e8b465ee728b)
Start importing Packages/com.microsoft.mixedreality.toolkit.figmabridge/Editor/FigmaToolkit.asmdef using Guid(8de401fb34562cc4c8db453bc6810209) Importer(815301076,1909f56bfc062723c751e8b465ee728b)  -> (artifact id: '75fcf58a1ca59065bb99690f999a6336') in 0.006438 seconds 
  Import took 0.012107 seconds .

========================================================================
Received Import Request.
  Time since last request: 461.392199 seconds.
  path: Packages/com.microsoft.mixedreality.toolkit.figmabridge/Editor/FigmaToolkitData.cs
  artifactKey: Guid(fcd4c23ba9bf1c24f92dd07e08926860) Importer(815301076,1909f56bfc062723c751e8b465ee728b)
Start importing Packages/com.microsoft.mixedreality.toolkit.figmabridge/Editor/FigmaToolkitData.cs using Guid(fcd4c23ba9bf1c24f92dd07e08926860) Importer(815301076,1909f56bfc062723c751e8b465ee728b)  -> (artifact id: '04770241ea9374cd23488a1a4f700184') in 0.003567 seconds 
  Import took 0.010277 seconds .

========================================================================
Received Prepare
Registering precompiled user dll's ...
Registered in 0.049798 seconds.
Begin MonoManager ReloadAssembly
Native extension for WindowsStandalone target not found
Refreshing native plugins compatible for Editor in 1.18 ms, found 14 plugins.
Preloading 1 native plugins for Editor in 0.04 ms.
Error when attempting to update scene info fields. Scene info data may be stale.
UnityEngine.StackTraceUtility:ExtractStackTrace ()
UnityEngine.DebugLogHandler:LogFormat (UnityEngine.LogType,UnityEngine.Object,string,object[])
UnityEngine.Logger:Log (UnityEngine.LogType,object)
UnityEngine.Debug:LogWarning (object)
Microsoft.MixedReality.Toolkit.Editor.SceneInfoUtils:RefreshSceneInfoFieldsInScriptableObjects () (at Library/PackageCache/com.microsoft.mixedreality.toolkit.foundation@76a1dccd0125-1640663322754/Core/Inspectors/PropertyDrawers/SceneInfoUtils.cs:313)
Microsoft.MixedReality.Toolkit.Editor.SceneInfoUtils:InitializeOnLoad () (at Library/PackageCache/com.microsoft.mixedreality.toolkit.foundation@76a1dccd0125-1640663322754/Core/Inspectors/PropertyDrawers/SceneInfoUtils.cs:231)
System.Reflection.MonoMethod:Invoke (object,System.Reflection.BindingFlags,System.Reflection.Binder,object[],System.Globalization.CultureInfo)
System.Reflection.MethodBase:Invoke (object,object[])
UnityEditor.EditorAssemblies:ProcessInitializeOnLoadMethodAttributes ()

(Filename: Library/PackageCache/com.microsoft.mixedreality.toolkit.foundation@76a1dccd0125-1640663322754/Core/Inspectors/PropertyDrawers/SceneInfoUtils.cs Line: 313)

[XR] [MROpenXR][Info   ][11:06:07.222574][tid:4224] MicrosoftOpenXRPlugin_SetPluginEnvironment unityVersion=2020.3.25f1
[XR] [MROpenXR][Info   ][11:06:07.223198][tid:4224] MicrosoftOpenXRPlugin_SetPluginEnvironment openXRPluginVersion=1.3.1
[XR] [MROpenXR][Info   ][11:06:07.223265][tid:4224] MicrosoftOpenXRPlugin_SetPluginEnvironment mrOpenXRPluginVersion=1.2.1.0
[XR] [MROpenXR][Info   ][11:06:07.223370][tid:4224] OnPluginStarted UnityVersion=2020.3.25f1 OpenXRPluginVersion=1.3.1 MROpenXRPluginVersion=1.2.1.0 PartA_PrivTags=33554432
Mono: successfully reloaded assembly
- Completed reload, in  2.299 seconds
Domain Reload Profiling:
	ReloadAssembly (2300ms)
		BeginReloadAssembly (191ms)
			ExecutionOrderSort (0ms)
			DisableScriptedObjects (7ms)
			BackupInstance (0ms)
			ReleaseScriptingObjects (0ms)
			CreateAndSetChildDomain (51ms)
		EndReloadAssembly (2042ms)
			LoadAssemblies (215ms)
			RebuildTransferFunctionScriptingTraits (0ms)
			SetupTypeCache (243ms)
			ReleaseScriptCaches (1ms)
			RebuildScriptCaches (32ms)
			SetupLoadedEditorAssemblies (1429ms)
				LogAssemblyErrors (0ms)
				InitializePlatformSupportModulesInManaged (6ms)
				SetLoadedEditorAssemblies (1ms)
				RefreshPlugins (1ms)
				BeforeProcessingInitializeOnLoad (115ms)
				ProcessInitializeOnLoadAttributes (826ms)
				ProcessInitializeOnLoadMethodAttributes (464ms)
				AfterProcessingInitializeOnLoad (16ms)
				EditorAssembliesLoaded (0ms)
			ExecutionOrderSort2 (0ms)
			AwakeInstancesAfterBackupRestoration (16ms)
Platform modules already initialized, skipping
Switching build target platform(19) subTarget(0) extendedPlatform(0) -> platform(13) subTarget(524288) extendedPlatform(0)
Shader 'Oculus/OVRMRCameraFrameLit': fallback shader 'Alpha-Diffuse' not found
Refreshing native plugins compatible for Editor in 1.21 ms, found 14 plugins.
Preloading 1 native plugins for Editor in 0.03 ms.
Unloading 4320 Unused Serialized files (Serialized files now loaded: 0)
System memory in use before: 198.4 MB.
System memory in use after: 194.1 MB.

Unloading 7429 unused Assets to reduce memory usage. Loaded Objects now: 4778.
Total: 5.997759 ms (FindLiveObjects: 0.753238 ms CreateObjectMapping: 0.325600 ms MarkObjects: 2.883677 ms  DeleteObjects: 2.030146 ms)

AssetImportParameters requested are different than current active one (requested -> active):
  custom:framework-win-MediaFoundation: 216162199b28c13a410421893ffa2e32 -> 
  custom:video-decoder-ogg-theora: a1e56fd34408186e4bbccfd4996cb3dc -> 
  custom:container-muxer-webm: aa71ff27fc2769a1b78a27578f13a17b -> 
  custom:container-demuxer-webm: 4f35f7cbe854078d1ac9338744f61a02 -> 
  custom:container-demuxer-ogg: 62fdf1f143b41e24485cea50d1cbac27 -> 
  custom:video-encoder-webm-vp8: eb34c28f22e8b96e1ab97ce403110664 -> 
  custom:video-codec-MediaFoundation-h265: 746d11721c4dcdbdad8f713fa42b33f4 -> 
  custom:video-decoder-webm-vp8: 9c59270c3fd7afecdb556c50c9e8de78 -> 
  custom:graphics/normal-map-encoding: 01000000000000000000000000000000 -> 02000000000000000000000000000000
  custom:audio-decoder-ogg-vorbis: bf7c407c2cedff20999df2af8eb42d56 -> 
  custom:audio-encoder-webm-vorbis: bf7c407c2cedff20999df2af8eb42d56 -> 
